<?xml version="1.0" encoding="UTF-8"?>
<robot generator="Robot 4.1 (Python 3.8.5 on win32)" generated="20210827 17:04:29.517" rpa="false" schemaversion="2">
<suite id="s1" name="Valid user login" source="C:\Users\Ja\PycharmProjects\JPetStore_tests\Tests\Login\Valid_user_login.robot">
<test id="s1-t1" name="Open Browser">
<kw name="Start TestCase" library="CommonFunctionality">
<kw name="Open Browser" library="SeleniumLibrary">
<arg>${URL}</arg>
<arg>${Browser}</arg>
<doc>Opens a new browser instance to the optional ``url``.</doc>
<msg timestamp="20210827 17:04:30.056" level="INFO">Opening browser 'chrome' to base url 'https://petstore.octoperf.com'.</msg>
<status status="PASS" starttime="20210827 17:04:30.056" endtime="20210827 17:04:31.730"/>
</kw>
<kw name="Maximize Browser Window" library="SeleniumLibrary">
<doc>Maximizes current browser window.</doc>
<status status="PASS" starttime="20210827 17:04:31.730" endtime="20210827 17:04:31.863"/>
</kw>
<status status="PASS" starttime="20210827 17:04:30.055" endtime="20210827 17:04:31.864"/>
</kw>
<status status="PASS" starttime="20210827 17:04:30.054" endtime="20210827 17:04:31.864"/>
</test>
<test id="s1-t2" name="Enter The Store">
<kw name="Enter the Store" library="CommonFunctionality">
<kw name="Click Element" library="SeleniumLibrary">
<arg>${EnterStoreButton}</arg>
<doc>Click the element identified by ``locator``.</doc>
<msg timestamp="20210827 17:04:31.870" level="INFO">Clicking element 'xpath://*[@id='Content']/p[1]/a'.</msg>
<status status="PASS" starttime="20210827 17:04:31.868" endtime="20210827 17:04:32.174"/>
</kw>
<status status="PASS" starttime="20210827 17:04:31.867" endtime="20210827 17:04:32.175"/>
</kw>
<status status="PASS" starttime="20210827 17:04:31.866" endtime="20210827 17:04:32.175"/>
</test>
<test id="s1-t3" name="Verify basic user login functionality">
<kw name="Click Sign In Button" library="HeaderPage">
<kw name="Press Keys" library="SeleniumLibrary">
<arg>${SignIn}</arg>
<arg>RETURN</arg>
<doc>Simulates the user pressing key(s) to an element or on the active browser.</doc>
<msg timestamp="20210827 17:04:32.179" level="INFO">Sending key(s) ('RETURN',) to xpath://html/body/div[1]/div[2]/div/a[2] element.</msg>
<msg timestamp="20210827 17:04:32.577" level="INFO">Pressing special key RETURN to element.</msg>
<msg timestamp="20210827 17:04:32.577" level="INFO">Releasing special key RETURN.</msg>
<status status="PASS" starttime="20210827 17:04:32.178" endtime="20210827 17:04:32.677"/>
</kw>
<status status="PASS" starttime="20210827 17:04:32.178" endtime="20210827 17:04:32.678"/>
</kw>
<kw name="Input Login and Password Data and Click Login" library="LoginPage">
<kw name="Input Text" library="SeleniumLibrary">
<arg>${UsernameField}</arg>
<arg>${Login}</arg>
<doc>Types the given ``text`` into the text field identified by ``locator``.</doc>
<msg timestamp="20210827 17:04:32.681" level="INFO">Typing text 'sopuch-testowy' into text field 'xpath://html/body/div[2]/div/form/p[2]/input[1]'.</msg>
<status status="PASS" starttime="20210827 17:04:32.681" endtime="20210827 17:04:32.804"/>
</kw>
<kw name="Input Text" library="SeleniumLibrary">
<arg>${PasswordField}</arg>
<arg>${Password}</arg>
<doc>Types the given ``text`` into the text field identified by ``locator``.</doc>
<msg timestamp="20210827 17:04:32.805" level="INFO">Typing text 'qa_testing' into text field 'xpath://*[@id='Catalog']/form/p[2]/input[2]'.</msg>
<status status="PASS" starttime="20210827 17:04:32.804" endtime="20210827 17:04:32.938"/>
</kw>
<kw name="Press Keys" library="SeleniumLibrary">
<arg>${Loginbutton}</arg>
<arg>RETURN</arg>
<doc>Simulates the user pressing key(s) to an element or on the active browser.</doc>
<msg timestamp="20210827 17:04:32.939" level="INFO">Sending key(s) ('RETURN',) to xpath://*[@id='Catalog']/form/input element.</msg>
<msg timestamp="20210827 17:04:33.364" level="INFO">Pressing special key RETURN to element.</msg>
<msg timestamp="20210827 17:04:33.364" level="INFO">Releasing special key RETURN.</msg>
<status status="PASS" starttime="20210827 17:04:32.938" endtime="20210827 17:04:33.376"/>
</kw>
<status status="PASS" starttime="20210827 17:04:32.680" endtime="20210827 17:04:33.377"/>
</kw>
<kw name="Verify Login" library="LoginPage">
<kw name="Page Should Contain" library="SeleniumLibrary">
<arg>${WelcomeText}</arg>
<doc>Verifies that current page contains ``text``.</doc>
<msg timestamp="20210827 17:04:33.402" level="INFO">Current page contains text 'Welcome Pablo!'.</msg>
<status status="PASS" starttime="20210827 17:04:33.378" endtime="20210827 17:04:33.402"/>
</kw>
<kw name="Capture Page Screenshot" library="SeleniumLibrary">
<arg>filename=Results_for_${login}_account.png</arg>
<doc>Takes a screenshot of the current page and embeds it into a log file.</doc>
<msg timestamp="20210827 17:04:33.648" level="INFO" html="true">&lt;/td&gt;&lt;/tr&gt;&lt;tr&gt;&lt;td colspan="3"&gt;&lt;a href="Results_for_sopuch-testowy_account.png"&gt;&lt;img src="Results_for_sopuch-testowy_account.png" width="800px"&gt;&lt;/a&gt;</msg>
<status status="PASS" starttime="20210827 17:04:33.403" endtime="20210827 17:04:33.648"/>
</kw>
<status status="PASS" starttime="20210827 17:04:33.377" endtime="20210827 17:04:33.648"/>
</kw>
<doc>This test case verifies the basic login functionality:</doc>
<tag>Functional</tag>
<status status="PASS" starttime="20210827 17:04:32.177" endtime="20210827 17:04:33.649"/>
</test>
<test id="s1-t4" name="Close Browser">
<kw name="Finish TestCase" library="CommonFunctionality">
<kw name="Close Browser" library="SeleniumLibrary">
<doc>Closes the current browser.</doc>
<status status="PASS" starttime="20210827 17:04:33.652" endtime="20210827 17:04:35.931"/>
</kw>
<status status="PASS" starttime="20210827 17:04:33.652" endtime="20210827 17:04:35.931"/>
</kw>
<status status="PASS" starttime="20210827 17:04:33.650" endtime="20210827 17:04:35.932"/>
</test>
<doc>Basic Valid Login Functionality</doc>
<status status="PASS" starttime="20210827 17:04:29.522" endtime="20210827 17:04:35.935"/>
</suite>
<statistics>
<total>
<stat pass="4" fail="0" skip="0">All Tests</stat>
</total>
<tag>
<stat pass="1" fail="0" skip="0">Functional</stat>
</tag>
<suite>
<stat pass="4" fail="0" skip="0" id="s1" name="Valid user login">Valid user login</stat>
</suite>
</statistics>
<errors>
</errors>
</robot>
