<?xml version="1.0" encoding="UTF-8"?>
<robot generator="Robot 4.1 (Python 3.8.5 on win32)" generated="20210830 18:08:51.443" rpa="false" schemaversion="2">
<suite id="s1" name="Valid user login" source="C:\Users\Ja\Documents\GitHub\Prod\JPetStore_tests\JPetStore_tests\Tests\Login\Valid_user_login.robot">
<test id="s1-t1" name="Open Browser">
<kw name="Start TestCase" library="CommonFunctionality">
<kw name="Open Browser" library="SeleniumLibrary">
<arg>${URL}</arg>
<arg>${Browser}</arg>
<doc>Opens a new browser instance to the optional ``url``.</doc>
<msg timestamp="20210830 18:08:51.695" level="INFO">Opening browser 'chrome' to base url 'https://petstore.octoperf.com'.</msg>
<status status="PASS" starttime="20210830 18:08:51.695" endtime="20210830 18:08:53.088"/>
</kw>
<kw name="Maximize Browser Window" library="SeleniumLibrary">
<doc>Maximizes current browser window.</doc>
<status status="PASS" starttime="20210830 18:08:53.088" endtime="20210830 18:08:53.221"/>
</kw>
<status status="PASS" starttime="20210830 18:08:51.694" endtime="20210830 18:08:53.221"/>
</kw>
<status status="PASS" starttime="20210830 18:08:51.694" endtime="20210830 18:08:53.222"/>
</test>
<test id="s1-t2" name="Enter The Store">
<kw name="Enter the Store" library="CommonFunctionality">
<kw name="Click Element" library="SeleniumLibrary">
<arg>${EnterStoreButton}</arg>
<doc>Click the element identified by ``locator``.</doc>
<msg timestamp="20210830 18:08:53.225" level="INFO">Clicking element 'xpath://*[@id='Content']/p[1]/a'.</msg>
<status status="PASS" starttime="20210830 18:08:53.224" endtime="20210830 18:08:53.446"/>
</kw>
<status status="PASS" starttime="20210830 18:08:53.224" endtime="20210830 18:08:53.446"/>
</kw>
<status status="PASS" starttime="20210830 18:08:53.223" endtime="20210830 18:08:53.447"/>
</test>
<test id="s1-t3" name="Verify basic user login functionality">
<kw name="Click Sign In Button" library="HeaderPage">
<kw name="Press Keys" library="SeleniumLibrary">
<arg>${SignIn}</arg>
<arg>RETURN</arg>
<doc>Simulates the user pressing key(s) to an element or on the active browser.</doc>
<msg timestamp="20210830 18:08:53.452" level="INFO">Sending key(s) ('RETURN',) to xpath://html/body/div[1]/div[2]/div/a[2] element.</msg>
<msg timestamp="20210830 18:08:53.824" level="INFO">Pressing special key RETURN to element.</msg>
<msg timestamp="20210830 18:08:53.824" level="INFO">Releasing special key RETURN.</msg>
<status status="PASS" starttime="20210830 18:08:53.452" endtime="20210830 18:08:53.895"/>
</kw>
<status status="PASS" starttime="20210830 18:08:53.451" endtime="20210830 18:08:53.895"/>
</kw>
<kw name="Input Login and Password Data and Click Login" library="LoginPage">
<kw name="Input Text" library="SeleniumLibrary">
<arg>${UsernameField}</arg>
<arg>${Login}</arg>
<doc>Types the given ``text`` into the text field identified by ``locator``.</doc>
<msg timestamp="20210830 18:08:53.899" level="INFO">Typing text 'sopuch-testowy' into text field 'xpath://html/body/div[2]/div/form/p[2]/input[1]'.</msg>
<status status="PASS" starttime="20210830 18:08:53.899" endtime="20210830 18:08:53.981"/>
</kw>
<kw name="Input Text" library="SeleniumLibrary">
<arg>${PasswordField}</arg>
<arg>${Password}</arg>
<doc>Types the given ``text`` into the text field identified by ``locator``.</doc>
<msg timestamp="20210830 18:08:53.982" level="INFO">Typing text 'qa_testing' into text field 'xpath://*[@id='Catalog']/form/p[2]/input[2]'.</msg>
<status status="PASS" starttime="20210830 18:08:53.981" endtime="20210830 18:08:54.062"/>
</kw>
<kw name="Press Keys" library="SeleniumLibrary">
<arg>${Loginbutton}</arg>
<arg>RETURN</arg>
<doc>Simulates the user pressing key(s) to an element or on the active browser.</doc>
<msg timestamp="20210830 18:08:54.063" level="INFO">Sending key(s) ('RETURN',) to xpath://*[@id='Catalog']/form/input element.</msg>
<msg timestamp="20210830 18:08:54.460" level="INFO">Pressing special key RETURN to element.</msg>
<msg timestamp="20210830 18:08:54.460" level="INFO">Releasing special key RETURN.</msg>
<status status="PASS" starttime="20210830 18:08:54.062" endtime="20210830 18:08:54.472"/>
</kw>
<status status="PASS" starttime="20210830 18:08:53.897" endtime="20210830 18:08:54.472"/>
</kw>
<kw name="Verify Login" library="LoginPage">
<kw name="Page Should Contain" library="SeleniumLibrary">
<arg>${WelcomeText}</arg>
<doc>Verifies that current page contains ``text``.</doc>
<msg timestamp="20210830 18:08:54.490" level="INFO">Current page contains text 'Welcome Pablo!'.</msg>
<status status="PASS" starttime="20210830 18:08:54.473" endtime="20210830 18:08:54.490"/>
</kw>
<kw name="Capture Page Screenshot" library="SeleniumLibrary">
<arg>filename=Results_for_${login}_account.png</arg>
<doc>Takes a screenshot of the current page and embeds it into a log file.</doc>
<msg timestamp="20210830 18:08:54.676" level="INFO" html="true">&lt;/td&gt;&lt;/tr&gt;&lt;tr&gt;&lt;td colspan="3"&gt;&lt;a href="Results_for_sopuch-testowy_account.png"&gt;&lt;img src="Results_for_sopuch-testowy_account.png" width="800px"&gt;&lt;/a&gt;</msg>
<status status="PASS" starttime="20210830 18:08:54.490" endtime="20210830 18:08:54.676"/>
</kw>
<status status="PASS" starttime="20210830 18:08:54.473" endtime="20210830 18:08:54.676"/>
</kw>
<doc>This test case verifies the basic login functionality:</doc>
<tag>Functional</tag>
<status status="PASS" starttime="20210830 18:08:53.449" endtime="20210830 18:08:54.677"/>
</test>
<test id="s1-t4" name="Close Browser">
<kw name="Finish TestCase" library="CommonFunctionality">
<kw name="Close Browser" library="SeleniumLibrary">
<doc>Closes the current browser.</doc>
<status status="PASS" starttime="20210830 18:08:54.680" endtime="20210830 18:08:56.803"/>
</kw>
<status status="PASS" starttime="20210830 18:08:54.679" endtime="20210830 18:08:56.803"/>
</kw>
<status status="PASS" starttime="20210830 18:08:54.679" endtime="20210830 18:08:56.804"/>
</test>
<doc>Basic Valid Login Functionality</doc>
<status status="PASS" starttime="20210830 18:08:51.446" endtime="20210830 18:08:56.811"/>
</suite>
<statistics>
<total>
<stat pass="4" fail="0" skip="0">All Tests</stat>
</total>
<tag>
<stat pass="1" fail="0" skip="0">Functional</stat>
</tag>
<suite>
<stat pass="4" fail="0" skip="0" id="s1" name="Valid user login">Valid user login</stat>
</suite>
</statistics>
<errors>
</errors>
</robot>
