<?xml version="1.0" encoding="UTF-8"?>
<robot generator="Robot 4.1 (Python 3.8.5 on win32)" generated="20210824 19:18:05.851" rpa="false" schemaversion="2">
<suite id="s1" name="Correct search by product ID" source="C:\Users\Ja\PycharmProjects\JPetStore_tests\Tests\Search\Correct_search_by_product_ID.robot">
<test id="s1-t1" name="Open Browser">
<kw name="Start TestCase" library="CommonFunctionality">
<kw name="Open Browser" library="SeleniumLibrary">
<arg>${URL}</arg>
<arg>${Browser}</arg>
<doc>Opens a new browser instance to the optional ``url``.</doc>
<msg timestamp="20210824 19:18:06.087" level="INFO">Opening browser 'chrome' to base url 'https://petstore.octoperf.com'.</msg>
<status status="PASS" starttime="20210824 19:18:06.087" endtime="20210824 19:18:07.625"/>
</kw>
<kw name="Maximize Browser Window" library="SeleniumLibrary">
<doc>Maximizes current browser window.</doc>
<status status="PASS" starttime="20210824 19:18:07.626" endtime="20210824 19:18:07.743"/>
</kw>
<status status="PASS" starttime="20210824 19:18:06.087" endtime="20210824 19:18:07.743"/>
</kw>
<status status="PASS" starttime="20210824 19:18:06.087" endtime="20210824 19:18:07.743"/>
</test>
<test id="s1-t2" name="Enter The Store">
<kw name="Enter the Store" library="CommonFunctionality">
<kw name="Click Element" library="SeleniumLibrary">
<arg>${EnterStoreButton}</arg>
<doc>Click the element identified by ``locator``.</doc>
<msg timestamp="20210824 19:18:07.743" level="INFO">Clicking element 'xpath://*[@id='Content']/p[1]/a'.</msg>
<status status="PASS" starttime="20210824 19:18:07.743" endtime="20210824 19:18:08.026"/>
</kw>
<status status="PASS" starttime="20210824 19:18:07.743" endtime="20210824 19:18:08.026"/>
</kw>
<status status="PASS" starttime="20210824 19:18:07.743" endtime="20210824 19:18:08.027"/>
</test>
<test id="s1-t3" name="Verify basic search functionality">
<kw name="Input Search Text and Click Search" library="HeaderPage">
<arg>${ProductID}</arg>
<kw name="Input Text" library="SeleniumLibrary">
<arg>${SearchBox}</arg>
<arg>${SearchText}</arg>
<doc>Types the given ``text`` into the text field identified by ``locator``.</doc>
<msg timestamp="20210824 19:18:08.033" level="INFO">Typing text 'FL-DLH-02' into text field 'xpath://*[@id='SearchContent']/form/input[1]'.</msg>
<status status="PASS" starttime="20210824 19:18:08.032" endtime="20210824 19:18:08.122"/>
</kw>
<kw name="Press Keys" library="SeleniumLibrary">
<arg>${SearchButton}</arg>
<arg>RETURN</arg>
<doc>Simulates the user pressing key(s) to an element or on the active browser.</doc>
<msg timestamp="20210824 19:18:08.123" level="INFO">Sending key(s) ('RETURN',) to xpath://*[@id='SearchContent']/form/input[2] element.</msg>
<msg timestamp="20210824 19:18:08.485" level="INFO">Pressing special key RETURN to element.</msg>
<msg timestamp="20210824 19:18:08.485" level="INFO">Releasing special key RETURN.</msg>
<status status="PASS" starttime="20210824 19:18:08.122" endtime="20210824 19:18:08.491"/>
</kw>
<status status="PASS" starttime="20210824 19:18:08.031" endtime="20210824 19:18:08.491"/>
</kw>
<kw name="Verify Search Results" library="SearchResultsPage">
<arg>${ProductID}</arg>
<kw name="Page Should Contain" library="SeleniumLibrary">
<arg>${SearchText}</arg>
<doc>Verifies that current page contains ``text``.</doc>
<kw name="Capture Page Screenshot" library="SeleniumLibrary">
<doc>Takes a screenshot of the current page and embeds it into a log file.</doc>
<msg timestamp="20210824 19:18:08.641" level="INFO" html="true">&lt;/td&gt;&lt;/tr&gt;&lt;tr&gt;&lt;td colspan="3"&gt;&lt;a href="selenium-screenshot-1.png"&gt;&lt;img src="selenium-screenshot-1.png" width="800px"&gt;&lt;/a&gt;</msg>
<status status="PASS" starttime="20210824 19:18:08.520" endtime="20210824 19:18:08.641"/>
</kw>
<msg timestamp="20210824 19:18:08.641" level="FAIL">Page should have contained text 'FL-DLH-02' but did not.</msg>
<status status="FAIL" starttime="20210824 19:18:08.492" endtime="20210824 19:18:08.641"/>
</kw>
<kw name="Capture Page Screenshot" library="SeleniumLibrary">
<arg>filename=Results_for_${SearchText}.png</arg>
<doc>Takes a screenshot of the current page and embeds it into a log file.</doc>
<status status="NOT RUN" starttime="20210824 19:18:08.641" endtime="20210824 19:18:08.641"/>
</kw>
<status status="FAIL" starttime="20210824 19:18:08.491" endtime="20210824 19:18:08.641"/>
</kw>
<doc>This test case verifies the basic search:</doc>
<tag>Functional</tag>
<status status="FAIL" starttime="20210824 19:18:08.030" endtime="20210824 19:18:08.641">Page should have contained text 'FL-DLH-02' but did not.</status>
</test>
<test id="s1-t4" name="Close Browser">
<kw name="Finish TestCase" library="CommonFunctionality">
<kw name="Close Browser" library="SeleniumLibrary">
<doc>Closes the current browser.</doc>
<status status="PASS" starttime="20210824 19:18:08.641" endtime="20210824 19:18:10.795"/>
</kw>
<status status="PASS" starttime="20210824 19:18:08.641" endtime="20210824 19:18:10.795"/>
</kw>
<status status="PASS" starttime="20210824 19:18:08.641" endtime="20210824 19:18:10.795"/>
</test>
<doc>Basic Search Functionality By ID</doc>
<status status="FAIL" starttime="20210824 19:18:05.851" endtime="20210824 19:18:10.795"/>
</suite>
<statistics>
<total>
<stat pass="3" fail="1" skip="0">All Tests</stat>
</total>
<tag>
<stat pass="0" fail="1" skip="0">Functional</stat>
</tag>
<suite>
<stat pass="3" fail="1" skip="0" id="s1" name="Correct search by product ID">Correct search by product ID</stat>
</suite>
</statistics>
<errors>
</errors>
</robot>
