<?xml version="1.0" encoding="UTF-8"?>
<robot generator="Robot 4.1 (Python 3.8.5 on win32)" generated="20210830 17:42:32.128" rpa="false" schemaversion="2">
<suite id="s1" name="Correct browsing by list" source="C:\Users\Ja\PycharmProjects\JPetStore_tests\Tests\Browsing\Correct_browsing_by_list.robot">
<test id="s1-t1" name="Open Browser">
<kw name="Start TestCase" library="CommonFunctionality">
<kw name="Open Browser" library="SeleniumLibrary">
<arg>${URL}</arg>
<arg>${Browser}</arg>
<doc>Opens a new browser instance to the optional ``url``.</doc>
<msg timestamp="20210830 17:42:32.377" level="INFO">Opening browser 'chrome' to base url 'https://petstore.octoperf.com'.</msg>
<status status="PASS" starttime="20210830 17:42:32.377" endtime="20210830 17:42:33.765"/>
</kw>
<kw name="Maximize Browser Window" library="SeleniumLibrary">
<doc>Maximizes current browser window.</doc>
<status status="PASS" starttime="20210830 17:42:33.765" endtime="20210830 17:42:33.885"/>
</kw>
<status status="PASS" starttime="20210830 17:42:32.376" endtime="20210830 17:42:33.885"/>
</kw>
<status status="PASS" starttime="20210830 17:42:32.376" endtime="20210830 17:42:33.885"/>
</test>
<test id="s1-t2" name="Enter The Store">
<kw name="Enter the Store" library="CommonFunctionality">
<kw name="Click Element" library="SeleniumLibrary">
<arg>${EnterStoreButton}</arg>
<doc>Click the element identified by ``locator``.</doc>
<msg timestamp="20210830 17:42:33.885" level="INFO">Clicking element 'xpath://*[@id='Content']/p[1]/a'.</msg>
<status status="PASS" starttime="20210830 17:42:33.885" endtime="20210830 17:42:34.094"/>
</kw>
<status status="PASS" starttime="20210830 17:42:33.885" endtime="20210830 17:42:34.095"/>
</kw>
<status status="PASS" starttime="20210830 17:42:33.885" endtime="20210830 17:42:34.095"/>
</test>
<test id="s1-t3" name="Verify catalog browsing every group by list">
<for flavor="IN">
<var>${element}</var>
<value>@{PetsCategory}</value>
<iter>
<var name="${element}">Fish</var>
<kw name="Click Category List Button" library="HomePage">
<arg>${${element}CategoryList}</arg>
<kw name="Press Keys" library="SeleniumLibrary">
<arg>${category_list_xpath}</arg>
<arg>RETURN</arg>
<doc>Simulates the user pressing key(s) to an element or on the active browser.</doc>
<msg timestamp="20210830 17:42:34.098" level="INFO">Sending key(s) ('RETURN',) to xpath://html/body/div[2]/div[2]/div[1]/div/a[1] element.</msg>
<msg timestamp="20210830 17:42:34.463" level="INFO">Pressing special key RETURN to element.</msg>
<msg timestamp="20210830 17:42:34.463" level="INFO">Releasing special key RETURN.</msg>
<status status="PASS" starttime="20210830 17:42:34.098" endtime="20210830 17:42:34.473"/>
</kw>
<status status="PASS" starttime="20210830 17:42:34.097" endtime="20210830 17:42:34.473"/>
</kw>
<kw name="Verify Browsing" library="LandingPage">
<arg>${element}</arg>
<kw name="Page Should Contain" library="SeleniumLibrary">
<arg>${SearchText}</arg>
<doc>Verifies that current page contains ``text``.</doc>
<msg timestamp="20210830 17:42:34.491" level="INFO">Current page contains text 'Fish'.</msg>
<status status="PASS" starttime="20210830 17:42:34.474" endtime="20210830 17:42:34.491"/>
</kw>
<kw name="Capture Page Screenshot" library="SeleniumLibrary">
<arg>filename=Results_for_browsing_by_list_item_${SearchText}.png</arg>
<doc>Takes a screenshot of the current page and embeds it into a log file.</doc>
<msg timestamp="20210830 17:42:34.632" level="INFO" html="true">&lt;/td&gt;&lt;/tr&gt;&lt;tr&gt;&lt;td colspan="3"&gt;&lt;a href="Results_for_browsing_by_list_item_Fish.png"&gt;&lt;img src="Results_for_browsing_by_list_item_Fish.png" width="800px"&gt;&lt;/a&gt;</msg>
<status status="PASS" starttime="20210830 17:42:34.491" endtime="20210830 17:42:34.632"/>
</kw>
<status status="PASS" starttime="20210830 17:42:34.473" endtime="20210830 17:42:34.632"/>
</kw>
<kw name="Logo Entry" library="CommonFunctionality">
<kw name="Click Element" library="SeleniumLibrary">
<arg>${LogoEntry}</arg>
<doc>Click the element identified by ``locator``.</doc>
<msg timestamp="20210830 17:42:34.632" level="INFO">Clicking element 'xpath://html/body/div[1]/div[1]/div/a/img'.</msg>
<status status="PASS" starttime="20210830 17:42:34.632" endtime="20210830 17:42:34.733"/>
</kw>
<status status="PASS" starttime="20210830 17:42:34.632" endtime="20210830 17:42:34.733"/>
</kw>
<status status="PASS" starttime="20210830 17:42:34.097" endtime="20210830 17:42:34.733"/>
</iter>
<iter>
<var name="${element}">Dogs</var>
<kw name="Click Category List Button" library="HomePage">
<arg>${${element}CategoryList}</arg>
<kw name="Press Keys" library="SeleniumLibrary">
<arg>${category_list_xpath}</arg>
<arg>RETURN</arg>
<doc>Simulates the user pressing key(s) to an element or on the active browser.</doc>
<msg timestamp="20210830 17:42:34.734" level="INFO">Sending key(s) ('RETURN',) to xpath://html/body/div[2]/div[2]/div[1]/div/a[2] element.</msg>
<msg timestamp="20210830 17:42:35.118" level="INFO">Pressing special key RETURN to element.</msg>
<msg timestamp="20210830 17:42:35.119" level="INFO">Releasing special key RETURN.</msg>
<status status="PASS" starttime="20210830 17:42:34.734" endtime="20210830 17:42:35.129"/>
</kw>
<status status="PASS" starttime="20210830 17:42:34.733" endtime="20210830 17:42:35.129"/>
</kw>
<kw name="Verify Browsing" library="LandingPage">
<arg>${element}</arg>
<kw name="Page Should Contain" library="SeleniumLibrary">
<arg>${SearchText}</arg>
<doc>Verifies that current page contains ``text``.</doc>
<msg timestamp="20210830 17:42:35.143" level="INFO">Current page contains text 'Dogs'.</msg>
<status status="PASS" starttime="20210830 17:42:35.130" endtime="20210830 17:42:35.144"/>
</kw>
<kw name="Capture Page Screenshot" library="SeleniumLibrary">
<arg>filename=Results_for_browsing_by_list_item_${SearchText}.png</arg>
<doc>Takes a screenshot of the current page and embeds it into a log file.</doc>
<msg timestamp="20210830 17:42:35.299" level="INFO" html="true">&lt;/td&gt;&lt;/tr&gt;&lt;tr&gt;&lt;td colspan="3"&gt;&lt;a href="Results_for_browsing_by_list_item_Dogs.png"&gt;&lt;img src="Results_for_browsing_by_list_item_Dogs.png" width="800px"&gt;&lt;/a&gt;</msg>
<status status="PASS" starttime="20210830 17:42:35.144" endtime="20210830 17:42:35.299"/>
</kw>
<status status="PASS" starttime="20210830 17:42:35.130" endtime="20210830 17:42:35.299"/>
</kw>
<kw name="Logo Entry" library="CommonFunctionality">
<kw name="Click Element" library="SeleniumLibrary">
<arg>${LogoEntry}</arg>
<doc>Click the element identified by ``locator``.</doc>
<msg timestamp="20210830 17:42:35.299" level="INFO">Clicking element 'xpath://html/body/div[1]/div[1]/div/a/img'.</msg>
<status status="PASS" starttime="20210830 17:42:35.299" endtime="20210830 17:42:35.396"/>
</kw>
<status status="PASS" starttime="20210830 17:42:35.299" endtime="20210830 17:42:35.396"/>
</kw>
<status status="PASS" starttime="20210830 17:42:34.733" endtime="20210830 17:42:35.396"/>
</iter>
<iter>
<var name="${element}">Cats</var>
<kw name="Click Category List Button" library="HomePage">
<arg>${${element}CategoryList}</arg>
<kw name="Press Keys" library="SeleniumLibrary">
<arg>${category_list_xpath}</arg>
<arg>RETURN</arg>
<doc>Simulates the user pressing key(s) to an element or on the active browser.</doc>
<msg timestamp="20210830 17:42:35.398" level="INFO">Sending key(s) ('RETURN',) to xpath://html/body/div[2]/div[2]/div[1]/div/a[3] element.</msg>
<msg timestamp="20210830 17:42:35.763" level="INFO">Pressing special key RETURN to element.</msg>
<msg timestamp="20210830 17:42:35.763" level="INFO">Releasing special key RETURN.</msg>
<status status="PASS" starttime="20210830 17:42:35.398" endtime="20210830 17:42:35.774"/>
</kw>
<status status="PASS" starttime="20210830 17:42:35.397" endtime="20210830 17:42:35.775"/>
</kw>
<kw name="Verify Browsing" library="LandingPage">
<arg>${element}</arg>
<kw name="Page Should Contain" library="SeleniumLibrary">
<arg>${SearchText}</arg>
<doc>Verifies that current page contains ``text``.</doc>
<msg timestamp="20210830 17:42:35.792" level="INFO">Current page contains text 'Cats'.</msg>
<status status="PASS" starttime="20210830 17:42:35.776" endtime="20210830 17:42:35.792"/>
</kw>
<kw name="Capture Page Screenshot" library="SeleniumLibrary">
<arg>filename=Results_for_browsing_by_list_item_${SearchText}.png</arg>
<doc>Takes a screenshot of the current page and embeds it into a log file.</doc>
<msg timestamp="20210830 17:42:35.949" level="INFO" html="true">&lt;/td&gt;&lt;/tr&gt;&lt;tr&gt;&lt;td colspan="3"&gt;&lt;a href="Results_for_browsing_by_list_item_Cats.png"&gt;&lt;img src="Results_for_browsing_by_list_item_Cats.png" width="800px"&gt;&lt;/a&gt;</msg>
<status status="PASS" starttime="20210830 17:42:35.792" endtime="20210830 17:42:35.949"/>
</kw>
<status status="PASS" starttime="20210830 17:42:35.775" endtime="20210830 17:42:35.949"/>
</kw>
<kw name="Logo Entry" library="CommonFunctionality">
<kw name="Click Element" library="SeleniumLibrary">
<arg>${LogoEntry}</arg>
<doc>Click the element identified by ``locator``.</doc>
<msg timestamp="20210830 17:42:35.949" level="INFO">Clicking element 'xpath://html/body/div[1]/div[1]/div/a/img'.</msg>
<status status="PASS" starttime="20210830 17:42:35.949" endtime="20210830 17:42:36.050"/>
</kw>
<status status="PASS" starttime="20210830 17:42:35.949" endtime="20210830 17:42:36.050"/>
</kw>
<status status="PASS" starttime="20210830 17:42:35.397" endtime="20210830 17:42:36.050"/>
</iter>
<iter>
<var name="${element}">Reptiles</var>
<kw name="Click Category List Button" library="HomePage">
<arg>${${element}CategoryList}</arg>
<kw name="Press Keys" library="SeleniumLibrary">
<arg>${category_list_xpath}</arg>
<arg>RETURN</arg>
<doc>Simulates the user pressing key(s) to an element or on the active browser.</doc>
<msg timestamp="20210830 17:42:36.052" level="INFO">Sending key(s) ('RETURN',) to xpath://html/body/div[2]/div[2]/div[1]/div/a[4] element.</msg>
<msg timestamp="20210830 17:42:36.397" level="INFO">Pressing special key RETURN to element.</msg>
<msg timestamp="20210830 17:42:36.397" level="INFO">Releasing special key RETURN.</msg>
<status status="PASS" starttime="20210830 17:42:36.052" endtime="20210830 17:42:36.404"/>
</kw>
<status status="PASS" starttime="20210830 17:42:36.051" endtime="20210830 17:42:36.404"/>
</kw>
<kw name="Verify Browsing" library="LandingPage">
<arg>${element}</arg>
<kw name="Page Should Contain" library="SeleniumLibrary">
<arg>${SearchText}</arg>
<doc>Verifies that current page contains ``text``.</doc>
<msg timestamp="20210830 17:42:36.420" level="INFO">Current page contains text 'Reptiles'.</msg>
<status status="PASS" starttime="20210830 17:42:36.405" endtime="20210830 17:42:36.420"/>
</kw>
<kw name="Capture Page Screenshot" library="SeleniumLibrary">
<arg>filename=Results_for_browsing_by_list_item_${SearchText}.png</arg>
<doc>Takes a screenshot of the current page and embeds it into a log file.</doc>
<msg timestamp="20210830 17:42:36.585" level="INFO" html="true">&lt;/td&gt;&lt;/tr&gt;&lt;tr&gt;&lt;td colspan="3"&gt;&lt;a href="Results_for_browsing_by_list_item_Reptiles.png"&gt;&lt;img src="Results_for_browsing_by_list_item_Reptiles.png" width="800px"&gt;&lt;/a&gt;</msg>
<status status="PASS" starttime="20210830 17:42:36.420" endtime="20210830 17:42:36.585"/>
</kw>
<status status="PASS" starttime="20210830 17:42:36.404" endtime="20210830 17:42:36.586"/>
</kw>
<kw name="Logo Entry" library="CommonFunctionality">
<kw name="Click Element" library="SeleniumLibrary">
<arg>${LogoEntry}</arg>
<doc>Click the element identified by ``locator``.</doc>
<msg timestamp="20210830 17:42:36.586" level="INFO">Clicking element 'xpath://html/body/div[1]/div[1]/div/a/img'.</msg>
<status status="PASS" starttime="20210830 17:42:36.586" endtime="20210830 17:42:36.678"/>
</kw>
<status status="PASS" starttime="20210830 17:42:36.586" endtime="20210830 17:42:36.678"/>
</kw>
<status status="PASS" starttime="20210830 17:42:36.050" endtime="20210830 17:42:36.678"/>
</iter>
<iter>
<var name="${element}">Birds</var>
<kw name="Click Category List Button" library="HomePage">
<arg>${${element}CategoryList}</arg>
<kw name="Press Keys" library="SeleniumLibrary">
<arg>${category_list_xpath}</arg>
<arg>RETURN</arg>
<doc>Simulates the user pressing key(s) to an element or on the active browser.</doc>
<msg timestamp="20210830 17:42:36.680" level="INFO">Sending key(s) ('RETURN',) to xpath://html/body/div[2]/div[2]/div[1]/div/a[5] element.</msg>
<msg timestamp="20210830 17:42:37.033" level="INFO">Pressing special key RETURN to element.</msg>
<msg timestamp="20210830 17:42:37.033" level="INFO">Releasing special key RETURN.</msg>
<status status="PASS" starttime="20210830 17:42:36.679" endtime="20210830 17:42:37.040"/>
</kw>
<status status="PASS" starttime="20210830 17:42:36.678" endtime="20210830 17:42:37.040"/>
</kw>
<kw name="Verify Browsing" library="LandingPage">
<arg>${element}</arg>
<kw name="Page Should Contain" library="SeleniumLibrary">
<arg>${SearchText}</arg>
<doc>Verifies that current page contains ``text``.</doc>
<msg timestamp="20210830 17:42:37.056" level="INFO">Current page contains text 'Birds'.</msg>
<status status="PASS" starttime="20210830 17:42:37.041" endtime="20210830 17:42:37.056"/>
</kw>
<kw name="Capture Page Screenshot" library="SeleniumLibrary">
<arg>filename=Results_for_browsing_by_list_item_${SearchText}.png</arg>
<doc>Takes a screenshot of the current page and embeds it into a log file.</doc>
<msg timestamp="20210830 17:42:37.204" level="INFO" html="true">&lt;/td&gt;&lt;/tr&gt;&lt;tr&gt;&lt;td colspan="3"&gt;&lt;a href="Results_for_browsing_by_list_item_Birds.png"&gt;&lt;img src="Results_for_browsing_by_list_item_Birds.png" width="800px"&gt;&lt;/a&gt;</msg>
<status status="PASS" starttime="20210830 17:42:37.056" endtime="20210830 17:42:37.205"/>
</kw>
<status status="PASS" starttime="20210830 17:42:37.040" endtime="20210830 17:42:37.205"/>
</kw>
<kw name="Logo Entry" library="CommonFunctionality">
<kw name="Click Element" library="SeleniumLibrary">
<arg>${LogoEntry}</arg>
<doc>Click the element identified by ``locator``.</doc>
<msg timestamp="20210830 17:42:37.205" level="INFO">Clicking element 'xpath://html/body/div[1]/div[1]/div/a/img'.</msg>
<status status="PASS" starttime="20210830 17:42:37.205" endtime="20210830 17:42:37.312"/>
</kw>
<status status="PASS" starttime="20210830 17:42:37.205" endtime="20210830 17:42:37.313"/>
</kw>
<status status="PASS" starttime="20210830 17:42:36.678" endtime="20210830 17:42:37.313"/>
</iter>
<status status="PASS" starttime="20210830 17:42:34.097" endtime="20210830 17:42:37.313"/>
</for>
<doc>This test case verifies correct browsing by list items: Fish</doc>
<tag>Functional</tag>
<status status="PASS" starttime="20210830 17:42:34.096" endtime="20210830 17:42:37.314"/>
</test>
<test id="s1-t4" name="Close Browser">
<kw name="Finish TestCase" library="CommonFunctionality">
<kw name="Close Browser" library="SeleniumLibrary">
<doc>Closes the current browser.</doc>
<status status="PASS" starttime="20210830 17:42:37.318" endtime="20210830 17:42:39.519"/>
</kw>
<status status="PASS" starttime="20210830 17:42:37.316" endtime="20210830 17:42:39.520"/>
</kw>
<status status="PASS" starttime="20210830 17:42:37.315" endtime="20210830 17:42:39.521"/>
</test>
<doc>Basic Valid Login Functionality</doc>
<status status="PASS" starttime="20210830 17:42:32.130" endtime="20210830 17:42:39.528"/>
</suite>
<statistics>
<total>
<stat pass="4" fail="0" skip="0">All Tests</stat>
</total>
<tag>
<stat pass="1" fail="0" skip="0">Functional</stat>
</tag>
<suite>
<stat pass="4" fail="0" skip="0" id="s1" name="Correct browsing by list">Correct browsing by list</stat>
</suite>
</statistics>
<errors>
</errors>
</robot>
